<?xml version="1.0" encoding="UTF-8"?>
<testsuite xmlns:xsi="http://www.w3.org/2001/XMLSchema-instance" xsi:noNamespaceSchemaLocation="https://maven.apache.org/surefire/maven-surefire-plugin/xsd/surefire-test-report.xsd" name="com.purna.producrt.dao.ProductDAOimplTest" time="0.052" tests="1" errors="1" skipped="0" failures="0">
  <properties>
[...]
</properties>
  <testcase name="createShouldCreateProducts" classname="com.purna.producrt.dao.ProductDAOimplTest" time="0.005">
    <error message="Unresolved compilation problem: &#10;	HashMap cannot be resolved to a type&#10;" type="java.lang.Error">java.lang.Error: 
Unresolved compilation problem: 
	HashMap cannot be resolved to a type

	at com.purna.producrt.dao.ProductDAOimplTest.createShouldCreateProducts(ProductDAOimplTest.java:13)
</error>
  </testcase>
</testsuite>